{"total": {"lines":{"total":748,"covered":510,"skipped":0,"pct":68.18},"statements":{"total":875,"covered":568,"skipped":0,"pct":64.91},"functions":{"total":144,"covered":99,"skipped":0,"pct":68.75},"branches":{"total":613,"covered":333,"skipped":0,"pct":54.32},"branchesTrue":{"total":0,"covered":0,"skipped":0,"pct":100}}
,"/Users/glebkalinin/ai_projects/pibot/src/config.ts": {"lines":{"total":15,"covered":14,"skipped":0,"pct":93.33},"functions":{"total":3,"covered":3,"skipped":0,"pct":100},"statements":{"total":18,"covered":17,"skipped":0,"pct":94.44},"branches":{"total":30,"covered":26,"skipped":0,"pct":86.66}}
,"/Users/glebkalinin/ai_projects/pibot/src/core/agent-manager.ts": {"lines":{"total":65,"covered":0,"skipped":0,"pct":0},"functions":{"total":14,"covered":0,"skipped":0,"pct":0},"statements":{"total":75,"covered":0,"skipped":0,"pct":0},"branches":{"total":49,"covered":0,"skipped":0,"pct":0}}
,"/Users/glebkalinin/ai_projects/pibot/src/core/bot.ts": {"lines":{"total":218,"covered":134,"skipped":0,"pct":61.46},"functions":{"total":39,"covered":22,"skipped":0,"pct":56.41},"statements":{"total":258,"covered":145,"skipped":0,"pct":56.2},"branches":{"total":181,"covered":65,"skipped":0,"pct":35.91}}
,"/Users/glebkalinin/ai_projects/pibot/src/core/events.ts": {"lines":{"total":17,"covered":13,"skipped":0,"pct":76.47},"functions":{"total":5,"covered":5,"skipped":0,"pct":100},"statements":{"total":17,"covered":13,"skipped":0,"pct":76.47},"branches":{"total":3,"covered":2,"skipped":0,"pct":66.66}}
,"/Users/glebkalinin/ai_projects/pibot/src/core/heartbeat.ts": {"lines":{"total":63,"covered":0,"skipped":0,"pct":0},"functions":{"total":10,"covered":0,"skipped":0,"pct":0},"statements":{"total":70,"covered":0,"skipped":0,"pct":0},"branches":{"total":34,"covered":0,"skipped":0,"pct":0}}
,"/Users/glebkalinin/ai_projects/pibot/src/core/scheduler.ts": {"lines":{"total":122,"covered":112,"skipped":0,"pct":91.8},"functions":{"total":27,"covered":25,"skipped":0,"pct":92.59},"statements":{"total":146,"covered":129,"skipped":0,"pct":88.35},"branches":{"total":84,"covered":73,"skipped":0,"pct":86.9}}
,"/Users/glebkalinin/ai_projects/pibot/src/core/util.ts": {"lines":{"total":127,"covered":123,"skipped":0,"pct":96.85},"functions":{"total":16,"covered":15,"skipped":0,"pct":93.75},"statements":{"total":156,"covered":142,"skipped":0,"pct":91.02},"branches":{"total":150,"covered":115,"skipped":0,"pct":76.66}}
,"/Users/glebkalinin/ai_projects/pibot/src/plugins/calendar-plugin.ts": {"lines":{"total":13,"covered":13,"skipped":0,"pct":100},"functions":{"total":6,"covered":6,"skipped":0,"pct":100},"statements":{"total":14,"covered":13,"skipped":0,"pct":92.85},"branches":{"total":10,"covered":5,"skipped":0,"pct":50}}
,"/Users/glebkalinin/ai_projects/pibot/src/plugins/memory-plugin.ts": {"lines":{"total":45,"covered":44,"skipped":0,"pct":97.77},"functions":{"total":13,"covered":12,"skipped":0,"pct":92.3},"statements":{"total":55,"covered":51,"skipped":0,"pct":92.72},"branches":{"total":28,"covered":19,"skipped":0,"pct":67.85}}
,"/Users/glebkalinin/ai_projects/pibot/src/plugins/scheduler-plugin.ts": {"lines":{"total":63,"covered":57,"skipped":0,"pct":90.47},"functions":{"total":11,"covered":11,"skipped":0,"pct":100},"statements":{"total":66,"covered":58,"skipped":0,"pct":87.87},"branches":{"total":44,"covered":28,"skipped":0,"pct":63.63}}
}
