{"total": {"lines":{"total":1392,"covered":904,"skipped":0,"pct":64.94},"statements":{"total":1624,"covered":1000,"skipped":0,"pct":61.57},"functions":{"total":290,"covered":172,"skipped":0,"pct":59.31},"branches":{"total":1104,"covered":568,"skipped":0,"pct":51.44},"branchesTrue":{"total":0,"covered":0,"skipped":0,"pct":100}}
,"/Users/glebkalinin/ai_projects/pibot/src/config.ts": {"lines":{"total":19,"covered":18,"skipped":0,"pct":94.73},"functions":{"total":5,"covered":5,"skipped":0,"pct":100},"statements":{"total":22,"covered":21,"skipped":0,"pct":95.45},"branches":{"total":30,"covered":26,"skipped":0,"pct":86.66}}
,"/Users/glebkalinin/ai_projects/pibot/src/core/agent-factory.ts": {"lines":{"total":18,"covered":18,"skipped":0,"pct":100},"functions":{"total":4,"covered":4,"skipped":0,"pct":100},"statements":{"total":20,"covered":19,"skipped":0,"pct":95},"branches":{"total":11,"covered":10,"skipped":0,"pct":90.9}}
,"/Users/glebkalinin/ai_projects/pibot/src/core/agent-manager.ts": {"lines":{"total":76,"covered":34,"skipped":0,"pct":44.73},"functions":{"total":17,"covered":8,"skipped":0,"pct":47.05},"statements":{"total":89,"covered":40,"skipped":0,"pct":44.94},"branches":{"total":65,"covered":19,"skipped":0,"pct":29.23}}
,"/Users/glebkalinin/ai_projects/pibot/src/core/bot.ts": {"lines":{"total":458,"covered":225,"skipped":0,"pct":49.12},"functions":{"total":79,"covered":30,"skipped":0,"pct":37.97},"statements":{"total":540,"covered":240,"skipped":0,"pct":44.44},"branches":{"total":379,"covered":131,"skipped":0,"pct":34.56}}
,"/Users/glebkalinin/ai_projects/pibot/src/core/events.ts": {"lines":{"total":17,"covered":14,"skipped":0,"pct":82.35},"functions":{"total":5,"covered":5,"skipped":0,"pct":100},"statements":{"total":17,"covered":14,"skipped":0,"pct":82.35},"branches":{"total":3,"covered":2,"skipped":0,"pct":66.66}}
,"/Users/glebkalinin/ai_projects/pibot/src/core/evolution.ts": {"lines":{"total":176,"covered":106,"skipped":0,"pct":60.22},"functions":{"total":40,"covered":19,"skipped":0,"pct":47.5},"statements":{"total":214,"covered":121,"skipped":0,"pct":56.54},"branches":{"total":136,"covered":63,"skipped":0,"pct":46.32}}
,"/Users/glebkalinin/ai_projects/pibot/src/core/heartbeat.ts": {"lines":{"total":64,"covered":18,"skipped":0,"pct":28.12},"functions":{"total":11,"covered":4,"skipped":0,"pct":36.36},"statements":{"total":71,"covered":19,"skipped":0,"pct":26.76},"branches":{"total":34,"covered":9,"skipped":0,"pct":26.47}}
,"/Users/glebkalinin/ai_projects/pibot/src/core/questions.ts": {"lines":{"total":77,"covered":68,"skipped":0,"pct":88.31},"functions":{"total":20,"covered":16,"skipped":0,"pct":80},"statements":{"total":91,"covered":76,"skipped":0,"pct":83.51},"branches":{"total":46,"covered":38,"skipped":0,"pct":82.6}}
,"/Users/glebkalinin/ai_projects/pibot/src/core/scheduler.ts": {"lines":{"total":130,"covered":118,"skipped":0,"pct":90.76},"functions":{"total":28,"covered":26,"skipped":0,"pct":92.85},"statements":{"total":155,"covered":136,"skipped":0,"pct":87.74},"branches":{"total":90,"covered":78,"skipped":0,"pct":86.66}}
,"/Users/glebkalinin/ai_projects/pibot/src/core/util.ts": {"lines":{"total":133,"covered":129,"skipped":0,"pct":96.99},"functions":{"total":17,"covered":16,"skipped":0,"pct":94.11},"statements":{"total":164,"covered":149,"skipped":0,"pct":90.85},"branches":{"total":159,"covered":122,"skipped":0,"pct":76.72}}
,"/Users/glebkalinin/ai_projects/pibot/src/plugins/calendar-plugin.ts": {"lines":{"total":28,"covered":16,"skipped":0,"pct":57.14},"functions":{"total":12,"covered":6,"skipped":0,"pct":50},"statements":{"total":29,"covered":16,"skipped":0,"pct":55.17},"branches":{"total":16,"covered":5,"skipped":0,"pct":31.25}}
,"/Users/glebkalinin/ai_projects/pibot/src/plugins/gmail-plugin.ts": {"lines":{"total":12,"covered":1,"skipped":0,"pct":8.33},"functions":{"total":6,"covered":0,"skipped":0,"pct":0},"statements":{"total":12,"covered":1,"skipped":0,"pct":8.33},"branches":{"total":10,"covered":0,"skipped":0,"pct":0}}
,"/Users/glebkalinin/ai_projects/pibot/src/plugins/linear-plugin.ts": {"lines":{"total":20,"covered":2,"skipped":0,"pct":10},"functions":{"total":8,"covered":0,"skipped":0,"pct":0},"statements":{"total":21,"covered":2,"skipped":0,"pct":9.52},"branches":{"total":11,"covered":0,"skipped":0,"pct":0}}
,"/Users/glebkalinin/ai_projects/pibot/src/plugins/memory-plugin.ts": {"lines":{"total":45,"covered":44,"skipped":0,"pct":97.77},"functions":{"total":13,"covered":12,"skipped":0,"pct":92.3},"statements":{"total":55,"covered":51,"skipped":0,"pct":92.72},"branches":{"total":28,"covered":19,"skipped":0,"pct":67.85}}
,"/Users/glebkalinin/ai_projects/pibot/src/plugins/question-plugin.ts": {"lines":{"total":17,"covered":0,"skipped":0,"pct":0},"functions":{"total":4,"covered":0,"skipped":0,"pct":0},"statements":{"total":18,"covered":0,"skipped":0,"pct":0},"branches":{"total":20,"covered":0,"skipped":0,"pct":0}}
,"/Users/glebkalinin/ai_projects/pibot/src/plugins/scheduler-plugin.ts": {"lines":{"total":64,"covered":58,"skipped":0,"pct":90.62},"functions":{"total":11,"covered":11,"skipped":0,"pct":100},"statements":{"total":67,"covered":59,"skipped":0,"pct":88.05},"branches":{"total":46,"covered":30,"skipped":0,"pct":65.21}}
,"/Users/glebkalinin/ai_projects/pibot/src/plugins/skill-manage-plugin.ts": {"lines":{"total":38,"covered":35,"skipped":0,"pct":92.1},"functions":{"total":10,"covered":10,"skipped":0,"pct":100},"statements":{"total":39,"covered":36,"skipped":0,"pct":92.3},"branches":{"total":20,"covered":16,"skipped":0,"pct":80}}
}
